Command line:
   mux21tb_isim_beh.exe
     -simmode  gui
     -simrunnum  0
     -socket  50201

Mon Jan 16 19:22:48 2023


 Elaboration Time: 0.03125 sec

 Current Memory Usage: 5145.05 Meg

 Total Signals          : 19
 Total Nets             : 18
 Total Signal Drivers   : 10
 Total Blocks           : 3
 Total Primitive Blocks : 2
 Total Processes        : 12
 Total Traceable Variables  : 22
 Total Scalar Nets and Variables : 102
Total Line Count : 26

 Total Simulation Time: 0.046875 sec

 Current Memory Usage: 5145.05 Meg

Mon Jan 16 19:31:00 2023

