Command line:
   mult_arr_tb_isim_beh.exe
     -simmode  gui
     -simrunnum  0
     -socket  63342

Tue Jan 17 09:03:42 2023


 Elaboration Time: 0.015625 sec

 Current Memory Usage: 5145.02 Meg

 Total Signals          : 17
 Total Nets             : 21
 Total Signal Drivers   : 11
 Total Blocks           : 3
 Total Primitive Blocks : 2
 Total Processes        : 15
 Total Traceable Variables  : 20
 Total Scalar Nets and Variables : 105
Total Line Count : 23

 Total Simulation Time: 0.5 sec

 Current Memory Usage: 4987.73 Meg

Tue Jan 17 09:05:38 2023

