Command line:
   dec_tb_isim_beh.exe
     -simmode  gui
     -simrunnum  0
     -socket  53688

Mon Jan 16 22:45:48 2023


 Elaboration Time: 0 sec

 Current Memory Usage: 5145.05 Meg

 Total Signals          : 17
 Total Nets             : 19
 Total Signal Drivers   : 11
 Total Blocks           : 3
 Total Primitive Blocks : 2
 Total Processes        : 14
 Total Traceable Variables  : 20
 Total Scalar Nets and Variables : 101
Total Line Count : 23

 Total Simulation Time: 0.234375 sec

 Current Memory Usage: 5459.62 Meg

Mon Jan 16 22:46:26 2023

