Command line:
   HA_TB_isim_beh.exe
     -simmode  gui
     -simrunnum  0
     -socket  62955

Mon Jan 16 14:37:34 2023


 Elaboration Time: 0.03125 sec

 Current Memory Usage: 5145.05 Meg

 Total Signals          : 17
 Total Nets             : 17
 Total Signal Drivers   : 9
 Total Blocks           : 3
 Total Primitive Blocks : 2
 Total Processes        : 12
 Total Traceable Variables  : 22
 Total Scalar Nets and Variables : 101
Total Line Count : 26

 Total Simulation Time: 0.09375 sec

 Current Memory Usage: 5145.05 Meg

Mon Jan 16 14:37:57 2023

