Command line:
   adr_rcla_tb_isim_beh.exe
     -simmode  gui
     -simrunnum  0
     -socket  63613

Tue Jan 17 09:33:18 2023


 Elaboration Time: 0.03125 sec

 Current Memory Usage: 5145.05 Meg

 Total Signals          : 22
 Total Nets             : 26
 Total Signal Drivers   : 14
 Total Blocks           : 3
 Total Primitive Blocks : 2
 Total Processes        : 19
 Total Traceable Variables  : 22
 Total Scalar Nets and Variables : 177
Total Line Count : 26
Total Line Count : 26
Total Line Count : 26

 Total Simulation Time: 0.046875 sec

 Current Memory Usage: 4987.76 Meg

Tue Jan 17 09:35:21 2023

