Command line:
   FA_tb_isim_beh.exe
     -simmode  gui
     -simrunnum  0
     -socket  50167

Mon Jan 16 19:11:16 2023


 Elaboration Time: 0.03125 sec

 Current Memory Usage: 5145.65 Meg

 Total Signals          : 20
 Total Nets             : 18
 Total Signal Drivers   : 10
 Total Blocks           : 3
 Total Primitive Blocks : 2
 Total Processes        : 13
 Total Traceable Variables  : 21
 Total Scalar Nets and Variables : 101
Total Line Count : 19

 Total Simulation Time: 0.390625 sec

 Current Memory Usage: 5460.22 Meg

Mon Jan 16 19:12:12 2023

